<?xml version="1.0" encoding="UTF-8"?>
<!-- Generated by org.testng.reporters.JUnitReportReporter -->
<testsuite hostname="LAPTOP-ABS223QL" failures="0" tests="1" name="com.crm.comcast.contactTest.CreateContactWithoutMandateTest" time="17.030" errors="0" timestamp="2022-06-10T10:02:55 IST" skipped="0">
  <testcase classname="com.crm.comcast.contactTest.CreateContactWithoutMandateTest" name="contactwithoutlastnameTest" time="17.030"/>
  <system-out/>
</testsuite> <!-- com.crm.comcast.contactTest.CreateContactWithoutMandateTest -->
