<?xml version="1.0" encoding="UTF-8"?>
<!-- Generated by org.testng.reporters.JUnitReportReporter -->
<testsuite hostname="LAPTOP-ABS223QL" failures="0" tests="3" name="com.crm.comcast.practise.Tests.UsingDataProviderforexcel" time="0.011" errors="0" timestamp="2022-06-12T11:22:17 IST" skipped="0">
  <testcase classname="com.crm.comcast.practise.Tests.UsingDataProviderforexcel" name="bookticket" time="0.001"/>
  <system-out/>
  <testcase classname="com.crm.comcast.practise.Tests.UsingDataProviderforexcel" name="bookticket" time="0.009"/>
  <system-out/>
  <testcase classname="com.crm.comcast.practise.Tests.UsingDataProviderforexcel" name="bookticket" time="0.001"/>
  <system-out/>
</testsuite> <!-- com.crm.comcast.practise.Tests.UsingDataProviderforexcel -->
