<?xml version="1.0" encoding="UTF-8"?>
<!-- Generated by org.testng.reporters.JUnitReportReporter -->
<testsuite hostname="LAPTOP-ABS223QL" failures="0" tests="1" name="com.crm.comcast.organisationTest.CreateOrgTest" time="17.238" errors="0" timestamp="2022-06-09T17:24:47 IST" skipped="0">
  <testcase classname="com.crm.comcast.organisationTest.CreateOrgTest" name="createcontactTestinorg" time="17.238"/>
  <system-out/>
</testsuite> <!-- com.crm.comcast.organisationTest.CreateOrgTest -->
