<?xml version="1.0" encoding="UTF-8"?>
<!-- Generated by org.testng.reporters.JUnitReportReporter -->
<testsuite hostname="LAPTOP-ABS223QL" failures="0" tests="2" name="com.crm.comcast.practise.Tests.UsingSoftAssert$Usinghardassert" time="0.017" errors="0" timestamp="2022-06-11T12:12:11 IST" skipped="0">
  <testcase classname="com.crm.comcast.practise.Tests.UsingSoftAssert$Usinghardassert" name="test1Test" time="0.012"/>
  <system-out/>
  <testcase classname="com.crm.comcast.practise.Tests.UsingSoftAssert$Usinghardassert" name="testTest" time="0.005"/>
  <system-out/>
</testsuite> <!-- com.crm.comcast.practise.Tests.UsingSoftAssert$Usinghardassert -->
