<?xml version="1.0" encoding="UTF-8"?>
<!-- Generated by org.testng.reporters.JUnitReportReporter -->
<testsuite hostname="LAPTOP-ABS223QL" failures="0" tests="1" name="com.crm.comcast.contactTest.DeleteContactTest" time="33.046" errors="0" timestamp="2022-06-16T10:13:39 IST" skipped="0">
  <testcase classname="com.crm.comcast.contactTest.DeleteContactTest" name="deletecontactTest" time="33.046"/>
  <system-out/>
</testsuite> <!-- com.crm.comcast.contactTest.DeleteContactTest -->
