<?xml version="1.0" encoding="UTF-8"?>
<!-- Generated by org.testng.reporters.JUnitReportReporter -->
<testsuite hostname="LAPTOP-ABS223QL" failures="0" tests="1" name="com.crm.comcast.campaignTest.CreateCampaignWithProductTest" time="40.906" errors="0" timestamp="2022-06-16T10:13:39 IST" skipped="0">
  <testcase classname="com.crm.comcast.campaignTest.CreateCampaignWithProductTest" name="createcampaignwithproductTest" time="40.906"/>
  <system-out/>
</testsuite> <!-- com.crm.comcast.campaignTest.CreateCampaignWithProductTest -->
