<?xml version="1.0" encoding="UTF-8"?>
<!-- Generated by org.testng.reporters.JUnitReportReporter -->
<testsuite hostname="LAPTOP-ABS223QL" failures="0" tests="1" name="com.crm.comcast.campaignTest.CreateCampaignTest" time="20.008" errors="0" timestamp="2022-06-20T15:02:52 IST" skipped="0">
  <testcase classname="com.crm.comcast.campaignTest.CreateCampaignTest" name="createcampaignTest" time="20.008"/>
  <system-out/>
</testsuite> <!-- com.crm.comcast.campaignTest.CreateCampaignTest -->
