<?xml version="1.0" encoding="UTF-8"?>
<!-- Generated by org.testng.reporters.JUnitReportReporter -->
<testsuite hostname="LAPTOP-ABS223QL" failures="0" tests="2" name="com.crm.comcast.practise.Tests.Usinghardassert" time="0.010" errors="0" timestamp="2022-06-11T11:59:31 IST" skipped="0">
  <testcase classname="com.crm.comcast.practise.Tests.Usinghardassert" name="test1Test" time="0.008"/>
  <system-out/>
  <testcase classname="com.crm.comcast.practise.Tests.Usinghardassert" name="testTest" time="0.002"/>
  <system-out/>
</testsuite> <!-- com.crm.comcast.practise.Tests.Usinghardassert -->
